<?xml version="1.0" encoding="UTF-8"?>
<!-- Generated by org.testng.reporters.JUnitReportReporter -->
<testsuite hostname="George" failures="0" tests="1" name="WorkSample.WorkSample.ProductViaSearchTest" time="5.872" errors="0" timestamp="2023-06-15T00:43:48 IST" skipped="0">
  <testcase classname="WorkSample.WorkSample.ProductViaSearchTest" name="EnterProductToSearch" time="5.872"/>
  <system-out/>
</testsuite> <!-- WorkSample.WorkSample.ProductViaSearchTest -->
