<?xml version="1.0" encoding="UTF-8"?>
<!-- Generated by org.testng.reporters.JUnitReportReporter -->
<testsuite hostname="George" failures="0" tests="1" name="WorkSample.WorkSample.LoginTest" time="14.862" errors="0" timestamp="2023-06-14T21:33:08 IST" skipped="0">
  <testcase classname="WorkSample.WorkSample.LoginTest" name="EnterPrice" time="14.862"/>
  <system-out/>
</testsuite> <!-- WorkSample.WorkSample.LoginTest -->
