<?xml version="1.0" encoding="UTF-8"?>
<!-- Generated by org.testng.reporters.JUnitReportReporter -->
<testsuite hostname="George" failures="0" tests="1" name="WorkSample.WorkSample.addCustomerTest" time="9.649" errors="0" timestamp="2023-06-17T23:57:20 IST" skipped="0">
  <testcase classname="WorkSample.WorkSample.addCustomerTest" name="addCat" time="9.649"/>
  <system-out/>
</testsuite> <!-- WorkSample.WorkSample.addCustomerTest -->
