<?xml version="1.0" encoding="UTF-8"?>
<!-- Generated by org.testng.reporters.JUnitReportReporter -->
<testsuite hostname="George" failures="0" tests="1" name="WorkSample.WorkSample.Assertion" time="26.762" errors="0" timestamp="2023-06-08T19:44:23 IST" skipped="0">
  <testcase classname="WorkSample.WorkSample.Assertion" name="LoginTest" time="26.762"/>
  <system-out/>
</testsuite> <!-- WorkSample.WorkSample.Assertion -->
