<?xml version="1.0" encoding="UTF-8"?>
<!-- Generated by org.testng.reporters.JUnitReportReporter -->
<testsuite hostname="George" failures="0" tests="1" name="WorkSample.WorkSample.SEIT1" time="24.191" errors="0" timestamp="2023-06-14T14:17:04 IST" skipped="0">
  <testcase classname="WorkSample.WorkSample.SEIT1" name="LoginTest" time="24.191"/>
  <system-out/>
</testsuite> <!-- WorkSample.WorkSample.SEIT1 -->
