<?xml version="1.0" encoding="UTF-8"?>
<!-- Generated by org.testng.reporters.JUnitReportReporter -->
<testsuite hostname="George" failures="0" tests="1" name="WorkSample.WorkSample.ProductViaCategoryTest" time="19.624" errors="0" timestamp="2023-06-18T20:49:53 IST" skipped="0">
  <testcase classname="WorkSample.WorkSample.ProductViaCategoryTest" name="EnterPrice" time="19.624"/>
  <system-out/>
</testsuite> <!-- WorkSample.WorkSample.ProductViaCategoryTest -->
